<?xml version="1.0" encoding="UTF-8"?>
<testsuite name="BallTest" tests="3" skipped="0" failures="0" errors="0" timestamp="2020-05-02T19:00:03" hostname="Air-Alina.la.net.ua" time="0.011">
  <properties/>
  <testcase name="iterateAfterSet()" classname="BallTest" time="0.002"/>
  <testcase name="getValues()" classname="BallTest" time="0.002"/>
  <testcase name="iterate()" classname="BallTest" time="0.002"/>
  <system-out><![CDATA[]]></system-out>
  <system-err><![CDATA[]]></system-err>
</testsuite>
